distributed.nanny - INFO -         Start Nanny at: 'tcp://10.10.18.2:33769'
distributed.diskutils - INFO - Found stale lock file and directory '/users/k1201869/wang_model/code/model_fitting/dask-worker-space/dask-worker-space/worker-75q490vd', purging
distributed.diskutils - INFO - Found stale lock file and directory '/users/k1201869/wang_model/code/model_fitting/dask-worker-space/dask-worker-space/worker-cgec7_o3', purging
distributed.diskutils - INFO - Found stale lock file and directory '/users/k1201869/wang_model/code/model_fitting/dask-worker-space/dask-worker-space/worker-n78xs2la', purging
distributed.diskutils - INFO - Found stale lock file and directory '/users/k1201869/wang_model/code/model_fitting/dask-worker-space/dask-worker-space/worker-mj7hmt77', purging
distributed.diskutils - INFO - Found stale lock file and directory '/users/k1201869/wang_model/code/model_fitting/dask-worker-space/dask-worker-space/worker-8ogu26z_', purging
distributed.diskutils - INFO - Found stale lock file and directory '/users/k1201869/wang_model/code/model_fitting/dask-worker-space/dask-worker-space/worker-fac6mmhx', purging
distributed.diskutils - INFO - Found stale lock file and directory '/users/k1201869/wang_model/code/model_fitting/dask-worker-space/dask-worker-space/worker-v133vpll', purging
distributed.diskutils - INFO - Found stale lock file and directory '/users/k1201869/wang_model/code/model_fitting/dask-worker-space/dask-worker-space/worker-6jwvikfo', purging
distributed.diskutils - INFO - Found stale lock file and directory '/users/k1201869/wang_model/code/model_fitting/dask-worker-space/dask-worker-space/worker-4ag92axn', purging
distributed.diskutils - INFO - Found stale lock file and directory '/users/k1201869/wang_model/code/model_fitting/dask-worker-space/dask-worker-space/worker-wqb6rzj_', purging
distributed.diskutils - INFO - Found stale lock file and directory '/users/k1201869/wang_model/code/model_fitting/dask-worker-space/dask-worker-space/worker-st5zo616', purging
distributed.diskutils - INFO - Found stale lock file and directory '/users/k1201869/wang_model/code/model_fitting/dask-worker-space/dask-worker-space/worker-9lmpwmko', purging
distributed.diskutils - INFO - Found stale lock file and directory '/users/k1201869/wang_model/code/model_fitting/dask-worker-space/dask-worker-space/worker-njvvhsgm', purging
distributed.diskutils - INFO - Found stale lock file and directory '/users/k1201869/wang_model/code/model_fitting/dask-worker-space/dask-worker-space/worker-1msxdbrw', purging
distributed.diskutils - INFO - Found stale lock file and directory '/users/k1201869/wang_model/code/model_fitting/dask-worker-space/dask-worker-space/worker-8v8jqjvi', purging
distributed.diskutils - INFO - Found stale lock file and directory '/users/k1201869/wang_model/code/model_fitting/dask-worker-space/dask-worker-space/worker-lqsyhbqs', purging
distributed.diskutils - INFO - Found stale lock file and directory '/users/k1201869/wang_model/code/model_fitting/dask-worker-space/dask-worker-space/worker-0sc0o29_', purging
distributed.diskutils - INFO - Found stale lock file and directory '/users/k1201869/wang_model/code/model_fitting/dask-worker-space/dask-worker-space/worker-workb4eu', purging
distributed.diskutils - INFO - Found stale lock file and directory '/users/k1201869/wang_model/code/model_fitting/dask-worker-space/dask-worker-space/worker-qdej21af', purging
distributed.diskutils - INFO - Found stale lock file and directory '/users/k1201869/wang_model/code/model_fitting/dask-worker-space/dask-worker-space/worker-4ko2vxss', purging
distributed.diskutils - INFO - Found stale lock file and directory '/users/k1201869/wang_model/code/model_fitting/dask-worker-space/dask-worker-space/worker-n0079jgm', purging
distributed.diskutils - INFO - Found stale lock file and directory '/users/k1201869/wang_model/code/model_fitting/dask-worker-space/dask-worker-space/worker-22uudibr', purging
distributed.diskutils - INFO - Found stale lock file and directory '/users/k1201869/wang_model/code/model_fitting/dask-worker-space/dask-worker-space/worker-0bp_nf5t', purging
distributed.diskutils - INFO - Found stale lock file and directory '/users/k1201869/wang_model/code/model_fitting/dask-worker-space/dask-worker-space/worker-6ri8063f', purging
distributed.diskutils - INFO - Found stale lock file and directory '/users/k1201869/wang_model/code/model_fitting/dask-worker-space/dask-worker-space/worker-rdz5_fkc', purging
distributed.diskutils - INFO - Found stale lock file and directory '/users/k1201869/wang_model/code/model_fitting/dask-worker-space/dask-worker-space/worker-aa27z202', purging
distributed.diskutils - INFO - Found stale lock file and directory '/users/k1201869/wang_model/code/model_fitting/dask-worker-space/dask-worker-space/worker-qockvkgg', purging
distributed.diskutils - INFO - Found stale lock file and directory '/users/k1201869/wang_model/code/model_fitting/dask-worker-space/dask-worker-space/worker-dkz79rs_', purging
distributed.diskutils - INFO - Found stale lock file and directory '/users/k1201869/wang_model/code/model_fitting/dask-worker-space/dask-worker-space/worker-vj_kyrrh', purging
distributed.diskutils - INFO - Found stale lock file and directory '/users/k1201869/wang_model/code/model_fitting/dask-worker-space/dask-worker-space/worker-b8kxorxo', purging
distributed.diskutils - INFO - Found stale lock file and directory '/users/k1201869/wang_model/code/model_fitting/dask-worker-space/dask-worker-space/worker-b5ogv_3v', purging
distributed.diskutils - INFO - Found stale lock file and directory '/users/k1201869/wang_model/code/model_fitting/dask-worker-space/dask-worker-space/worker-sqx57c95', purging
distributed.diskutils - INFO - Found stale lock file and directory '/users/k1201869/wang_model/code/model_fitting/dask-worker-space/dask-worker-space/worker-li2dh26d', purging
distributed.diskutils - INFO - Found stale lock file and directory '/users/k1201869/wang_model/code/model_fitting/dask-worker-space/dask-worker-space/worker-z32l0ulq', purging
distributed.diskutils - INFO - Found stale lock file and directory '/users/k1201869/wang_model/code/model_fitting/dask-worker-space/dask-worker-space/worker-z1haj48w', purging
distributed.worker - INFO -       Start worker at:     tcp://10.10.18.2:46411
distributed.worker - INFO -          Listening to:     tcp://10.10.18.2:46411
distributed.worker - INFO -          dashboard at:           10.10.18.2:42817
distributed.worker - INFO - Waiting to connect to:     tcp://10.10.18.3:45058
distributed.worker - INFO - -------------------------------------------------
distributed.worker - INFO -               Threads:                          1
distributed.worker - INFO -                Memory:                    2.00 GB
distributed.worker - INFO -       Local Directory: /users/k1201869/wang_model/code/model_fitting/dask-worker-space/dask-worker-space/worker-7l6snzti
distributed.worker - INFO - -------------------------------------------------
distributed.comm.tcp - WARNING - Closing dangling stream in <TCP  local=tcp://10.10.18.2:53512 remote=tcp://10.10.18.3:45058>
distributed.comm.tcp - WARNING - Closing dangling stream in <TCP  local=tcp://10.10.18.2:53516 remote=tcp://10.10.18.3:45058>
distributed.comm.tcp - WARNING - Closing dangling stream in <TCP  local=tcp://10.10.18.2:53522 remote=tcp://10.10.18.3:45058>
distributed.comm.tcp - WARNING - Closing dangling stream in <TCP  local=tcp://10.10.18.2:53526 remote=tcp://10.10.18.3:45058>
distributed.worker - INFO - Waiting to connect to:     tcp://10.10.18.3:45058
distributed.worker - INFO - Waiting to connect to:     tcp://10.10.18.3:45058
distributed.worker - INFO - Waiting to connect to:     tcp://10.10.18.3:45058
distributed.comm.tcp - WARNING - Closing dangling stream in <TCP  local=tcp://10.10.18.2:53584 remote=tcp://10.10.18.3:45058>
distributed.worker - INFO - Waiting to connect to:     tcp://10.10.18.3:45058
distributed.comm.tcp - WARNING - Closing dangling stream in <TCP  local=tcp://10.10.18.2:53606 remote=tcp://10.10.18.3:45058>
distributed.worker - INFO - Waiting to connect to:     tcp://10.10.18.3:45058
distributed.nanny - INFO - Closing Nanny at 'tcp://10.10.18.2:33769'
distributed.worker - INFO - Stopping worker at tcp://10.10.18.2:46411
distributed.worker - INFO - Closed worker has not yet started: Status.undefined
distributed.dask_worker - INFO - End worker
Traceback (most recent call last):
  File "/users/k1201869/miniconda3/envs/python38/lib/python3.8/site-packages/distributed/core.py", line 295, in _
    await asyncio.wait_for(self.start(), timeout=timeout)
  File "/users/k1201869/miniconda3/envs/python38/lib/python3.8/asyncio/tasks.py", line 490, in wait_for
    raise exceptions.TimeoutError()
asyncio.exceptions.TimeoutError

During handling of the above exception, another exception occurred:

Traceback (most recent call last):
  File "/users/k1201869/miniconda3/envs/python38/lib/python3.8/runpy.py", line 194, in _run_module_as_main
    return _run_code(code, main_globals, None,
  File "/users/k1201869/miniconda3/envs/python38/lib/python3.8/runpy.py", line 87, in _run_code
    exec(code, run_globals)
  File "/users/k1201869/miniconda3/envs/python38/lib/python3.8/site-packages/distributed/cli/dask_worker.py", line 460, in <module>
    go()
  File "/users/k1201869/miniconda3/envs/python38/lib/python3.8/site-packages/distributed/cli/dask_worker.py", line 456, in go
    main()
  File "/users/k1201869/miniconda3/envs/python38/lib/python3.8/site-packages/click/core.py", line 829, in __call__
    return self.main(*args, **kwargs)
  File "/users/k1201869/miniconda3/envs/python38/lib/python3.8/site-packages/click/core.py", line 782, in main
    rv = self.invoke(ctx)
  File "/users/k1201869/miniconda3/envs/python38/lib/python3.8/site-packages/click/core.py", line 1066, in invoke
    return ctx.invoke(self.callback, **ctx.params)
  File "/users/k1201869/miniconda3/envs/python38/lib/python3.8/site-packages/click/core.py", line 610, in invoke
    return callback(*args, **kwargs)
  File "/users/k1201869/miniconda3/envs/python38/lib/python3.8/site-packages/distributed/cli/dask_worker.py", line 442, in main
    loop.run_sync(run)
  File "/users/k1201869/miniconda3/envs/python38/lib/python3.8/site-packages/tornado/ioloop.py", line 532, in run_sync
    return future_cell[0].result()
  File "/users/k1201869/miniconda3/envs/python38/lib/python3.8/site-packages/distributed/cli/dask_worker.py", line 436, in run
    await asyncio.gather(*nannies)
  File "/users/k1201869/miniconda3/envs/python38/lib/python3.8/asyncio/tasks.py", line 684, in _wrap_awaitable
    return (yield from awaitable.__await__())
  File "/users/k1201869/miniconda3/envs/python38/lib/python3.8/site-packages/distributed/core.py", line 299, in _
    raise TimeoutError(
asyncio.exceptions.TimeoutError: Nanny failed to start in 60 seconds
