distributed.nanny - INFO -         Start Nanny at: 'tcp://10.10.15.13:33948'
distributed.diskutils - INFO - Found stale lock file and directory '/users/k1201869/wang_model/code/model_fitting/dask-worker-space/dask-worker-space/worker-jxzrk94c', purging
distributed.diskutils - INFO - Found stale lock file and directory '/users/k1201869/wang_model/code/model_fitting/dask-worker-space/dask-worker-space/worker-4nrhx6zh', purging
distributed.diskutils - INFO - Found stale lock file and directory '/users/k1201869/wang_model/code/model_fitting/dask-worker-space/dask-worker-space/worker-6rheherx', purging
distributed.diskutils - INFO - Found stale lock file and directory '/users/k1201869/wang_model/code/model_fitting/dask-worker-space/dask-worker-space/worker-ei5lgnta', purging
distributed.diskutils - INFO - Found stale lock file and directory '/users/k1201869/wang_model/code/model_fitting/dask-worker-space/dask-worker-space/worker-b0u0qdxx', purging
distributed.diskutils - INFO - Found stale lock file and directory '/users/k1201869/wang_model/code/model_fitting/dask-worker-space/dask-worker-space/worker-c85x2iq6', purging
distributed.diskutils - INFO - Found stale lock file and directory '/users/k1201869/wang_model/code/model_fitting/dask-worker-space/dask-worker-space/worker-azsh6txh', purging
distributed.diskutils - INFO - Found stale lock file and directory '/users/k1201869/wang_model/code/model_fitting/dask-worker-space/dask-worker-space/worker-eo4dg6de', purging
distributed.diskutils - INFO - Found stale lock file and directory '/users/k1201869/wang_model/code/model_fitting/dask-worker-space/dask-worker-space/worker-10jc9jau', purging
distributed.diskutils - INFO - Found stale lock file and directory '/users/k1201869/wang_model/code/model_fitting/dask-worker-space/dask-worker-space/worker-rj4r2ygm', purging
distributed.diskutils - INFO - Found stale lock file and directory '/users/k1201869/wang_model/code/model_fitting/dask-worker-space/dask-worker-space/worker-8hwksfvt', purging
distributed.diskutils - INFO - Found stale lock file and directory '/users/k1201869/wang_model/code/model_fitting/dask-worker-space/dask-worker-space/worker-rnytpgxr', purging
distributed.diskutils - INFO - Found stale lock file and directory '/users/k1201869/wang_model/code/model_fitting/dask-worker-space/dask-worker-space/worker-w2jdkhn3', purging
distributed.diskutils - INFO - Found stale lock file and directory '/users/k1201869/wang_model/code/model_fitting/dask-worker-space/dask-worker-space/worker-ry7k68rx', purging
distributed.diskutils - INFO - Found stale lock file and directory '/users/k1201869/wang_model/code/model_fitting/dask-worker-space/dask-worker-space/worker-0umbngbv', purging
distributed.diskutils - INFO - Found stale lock file and directory '/users/k1201869/wang_model/code/model_fitting/dask-worker-space/dask-worker-space/worker-qmokur5h', purging
distributed.diskutils - INFO - Found stale lock file and directory '/users/k1201869/wang_model/code/model_fitting/dask-worker-space/dask-worker-space/worker-yzuugffu', purging
distributed.diskutils - INFO - Found stale lock file and directory '/users/k1201869/wang_model/code/model_fitting/dask-worker-space/dask-worker-space/worker-t6kul3pr', purging
distributed.diskutils - INFO - Found stale lock file and directory '/users/k1201869/wang_model/code/model_fitting/dask-worker-space/dask-worker-space/worker-y4bxupl9', purging
distributed.diskutils - INFO - Found stale lock file and directory '/users/k1201869/wang_model/code/model_fitting/dask-worker-space/dask-worker-space/worker-af6lcc5_', purging
distributed.diskutils - INFO - Found stale lock file and directory '/users/k1201869/wang_model/code/model_fitting/dask-worker-space/dask-worker-space/worker-2w46jwji', purging
distributed.diskutils - INFO - Found stale lock file and directory '/users/k1201869/wang_model/code/model_fitting/dask-worker-space/dask-worker-space/worker-oz3gd7jv', purging
distributed.diskutils - INFO - Found stale lock file and directory '/users/k1201869/wang_model/code/model_fitting/dask-worker-space/dask-worker-space/worker-9dn_0ora', purging
distributed.diskutils - INFO - Found stale lock file and directory '/users/k1201869/wang_model/code/model_fitting/dask-worker-space/dask-worker-space/worker-t9w_gi5e', purging
distributed.diskutils - INFO - Found stale lock file and directory '/users/k1201869/wang_model/code/model_fitting/dask-worker-space/dask-worker-space/worker-jr3fo8vo', purging
distributed.diskutils - INFO - Found stale lock file and directory '/users/k1201869/wang_model/code/model_fitting/dask-worker-space/dask-worker-space/worker-pkzve1aw', purging
distributed.diskutils - INFO - Found stale lock file and directory '/users/k1201869/wang_model/code/model_fitting/dask-worker-space/dask-worker-space/worker-56t8iks7', purging
distributed.diskutils - INFO - Found stale lock file and directory '/users/k1201869/wang_model/code/model_fitting/dask-worker-space/dask-worker-space/worker-_5upkmx_', purging
distributed.diskutils - INFO - Found stale lock file and directory '/users/k1201869/wang_model/code/model_fitting/dask-worker-space/dask-worker-space/worker-ijhnrob9', purging
distributed.diskutils - INFO - Found stale lock file and directory '/users/k1201869/wang_model/code/model_fitting/dask-worker-space/dask-worker-space/worker-kp1r9ygv', purging
distributed.diskutils - INFO - Found stale lock file and directory '/users/k1201869/wang_model/code/model_fitting/dask-worker-space/dask-worker-space/worker-53oskful', purging
distributed.diskutils - INFO - Found stale lock file and directory '/users/k1201869/wang_model/code/model_fitting/dask-worker-space/dask-worker-space/worker-i0rkm7vz', purging
distributed.diskutils - INFO - Found stale lock file and directory '/users/k1201869/wang_model/code/model_fitting/dask-worker-space/dask-worker-space/worker-2ghffl_c', purging
distributed.diskutils - INFO - Found stale lock file and directory '/users/k1201869/wang_model/code/model_fitting/dask-worker-space/dask-worker-space/worker-tgvc9m9x', purging
distributed.diskutils - INFO - Found stale lock file and directory '/users/k1201869/wang_model/code/model_fitting/dask-worker-space/dask-worker-space/worker-hp1uhzm3', purging
distributed.diskutils - INFO - Found stale lock file and directory '/users/k1201869/wang_model/code/model_fitting/dask-worker-space/dask-worker-space/worker-p3976mwl', purging
distributed.diskutils - INFO - Found stale lock file and directory '/users/k1201869/wang_model/code/model_fitting/dask-worker-space/dask-worker-space/worker-xih8dp8y', purging
distributed.diskutils - INFO - Found stale lock file and directory '/users/k1201869/wang_model/code/model_fitting/dask-worker-space/dask-worker-space/worker-zj_2vaja', purging
distributed.diskutils - INFO - Found stale lock file and directory '/users/k1201869/wang_model/code/model_fitting/dask-worker-space/dask-worker-space/worker-tcs_2xir', purging
distributed.diskutils - INFO - Found stale lock file and directory '/users/k1201869/wang_model/code/model_fitting/dask-worker-space/dask-worker-space/worker-3qud1un4', purging
distributed.worker - INFO -       Start worker at:    tcp://10.10.15.13:46666
distributed.worker - INFO -          Listening to:    tcp://10.10.15.13:46666
distributed.worker - INFO -          dashboard at:          10.10.15.13:42618
distributed.worker - INFO - Waiting to connect to:     tcp://10.10.15.9:35077
distributed.worker - INFO - -------------------------------------------------
distributed.worker - INFO -               Threads:                          1
distributed.worker - INFO -                Memory:                    2.00 GB
distributed.worker - INFO -       Local Directory: /users/k1201869/wang_model/code/model_fitting/dask-worker-space/dask-worker-space/worker-ojgkgf82
distributed.worker - INFO - -------------------------------------------------
distributed.comm.tcp - WARNING - Closing dangling stream in <TCP  local=tcp://10.10.15.13:44004 remote=tcp://10.10.15.9:35077>
distributed.comm.tcp - WARNING - Closing dangling stream in <TCP  local=tcp://10.10.15.13:44008 remote=tcp://10.10.15.9:35077>
distributed.comm.tcp - WARNING - Closing dangling stream in <TCP  local=tcp://10.10.15.13:44010 remote=tcp://10.10.15.9:35077>
distributed.comm.tcp - WARNING - Closing dangling stream in <TCP  local=tcp://10.10.15.13:44014 remote=tcp://10.10.15.9:35077>
distributed.comm.tcp - WARNING - Closing dangling stream in <TCP  local=tcp://10.10.15.13:44018 remote=tcp://10.10.15.9:35077>
distributed.worker - INFO - Waiting to connect to:     tcp://10.10.15.9:35077
distributed.worker - INFO - Waiting to connect to:     tcp://10.10.15.9:35077
distributed.worker - INFO - Waiting to connect to:     tcp://10.10.15.9:35077
distributed.comm.tcp - WARNING - Closing dangling stream in <TCP  local=tcp://10.10.15.13:44202 remote=tcp://10.10.15.9:35077>
distributed.worker - INFO - Waiting to connect to:     tcp://10.10.15.9:35077
distributed.worker - INFO - Waiting to connect to:     tcp://10.10.15.9:35077
distributed.comm.tcp - WARNING - Closing dangling stream in <TCP  local=tcp://10.10.15.13:44248 remote=tcp://10.10.15.9:35077>
distributed.nanny - INFO - Closing Nanny at 'tcp://10.10.15.13:33948'
distributed.worker - INFO - Stopping worker at tcp://10.10.15.13:46666
distributed.worker - INFO - Closed worker has not yet started: Status.undefined
distributed.dask_worker - INFO - End worker
Traceback (most recent call last):
  File "/users/k1201869/miniconda3/envs/python38/lib/python3.8/site-packages/distributed/core.py", line 295, in _
    await asyncio.wait_for(self.start(), timeout=timeout)
  File "/users/k1201869/miniconda3/envs/python38/lib/python3.8/asyncio/tasks.py", line 490, in wait_for
    raise exceptions.TimeoutError()
asyncio.exceptions.TimeoutError

During handling of the above exception, another exception occurred:

Traceback (most recent call last):
  File "/users/k1201869/miniconda3/envs/python38/lib/python3.8/runpy.py", line 194, in _run_module_as_main
    return _run_code(code, main_globals, None,
  File "/users/k1201869/miniconda3/envs/python38/lib/python3.8/runpy.py", line 87, in _run_code
    exec(code, run_globals)
  File "/users/k1201869/miniconda3/envs/python38/lib/python3.8/site-packages/distributed/cli/dask_worker.py", line 460, in <module>
    go()
  File "/users/k1201869/miniconda3/envs/python38/lib/python3.8/site-packages/distributed/cli/dask_worker.py", line 456, in go
    main()
  File "/users/k1201869/miniconda3/envs/python38/lib/python3.8/site-packages/click/core.py", line 829, in __call__
    return self.main(*args, **kwargs)
  File "/users/k1201869/miniconda3/envs/python38/lib/python3.8/site-packages/click/core.py", line 782, in main
    rv = self.invoke(ctx)
  File "/users/k1201869/miniconda3/envs/python38/lib/python3.8/site-packages/click/core.py", line 1066, in invoke
    return ctx.invoke(self.callback, **ctx.params)
  File "/users/k1201869/miniconda3/envs/python38/lib/python3.8/site-packages/click/core.py", line 610, in invoke
    return callback(*args, **kwargs)
  File "/users/k1201869/miniconda3/envs/python38/lib/python3.8/site-packages/distributed/cli/dask_worker.py", line 442, in main
    loop.run_sync(run)
  File "/users/k1201869/miniconda3/envs/python38/lib/python3.8/site-packages/tornado/ioloop.py", line 532, in run_sync
    return future_cell[0].result()
  File "/users/k1201869/miniconda3/envs/python38/lib/python3.8/site-packages/distributed/cli/dask_worker.py", line 436, in run
    await asyncio.gather(*nannies)
  File "/users/k1201869/miniconda3/envs/python38/lib/python3.8/asyncio/tasks.py", line 684, in _wrap_awaitable
    return (yield from awaitable.__await__())
  File "/users/k1201869/miniconda3/envs/python38/lib/python3.8/site-packages/distributed/core.py", line 299, in _
    raise TimeoutError(
asyncio.exceptions.TimeoutError: Nanny failed to start in 60 seconds
